0 info it worked if it ends with ok
1 verbose cli [ 'C:\\Program Files\\nodejs\\node.exe',
1 verbose cli   'C:\\Program Files\\nodejs\\node_modules\\npm\\bin\\npm-cli.js',
1 verbose cli   'run',
1 verbose cli   'test:xunit' ]
2 info using npm@3.3.12
3 info using node@v5.1.0
4 verbose run-script [ 'pretest:xunit', 'test:xunit', 'posttest:xunit' ]
5 info lifecycle book_inventory@1.0.0~pretest:xunit: book_inventory@1.0.0
6 silly lifecycle book_inventory@1.0.0~pretest:xunit: no script for pretest:xunit, continuing
7 info lifecycle book_inventory@1.0.0~test:xunit: book_inventory@1.0.0
8 verbose lifecycle book_inventory@1.0.0~test:xunit: unsafe-perm in lifecycle true
9 verbose lifecycle book_inventory@1.0.0~test:xunit: PATH: C:\Program Files\nodejs\node_modules\npm\bin\node-gyp-bin;C:\Users\pano\Desktop\node_szkolenie\book_inventory\node_modules\.bin;C:\Program Files (x86)\Intel\iCLS Client\;C:\Program Files\Intel\iCLS Client\;C:\WINDOWS\system32;C:\WINDOWS;C:\WINDOWS\System32\Wbem;C:\WINDOWS\System32\WindowsPowerShell\v1.0\;C:\Program Files\Intel\Intel(R) Management Engine Components\DAL;C:\Program Files (x86)\Intel\Intel(R) Management Engine Components\DAL;C:\Program Files\Intel\Intel(R) Management Engine Components\IPT;C:\Program Files (x86)\Intel\Intel(R) Management Engine Components\IPT;C:\Program Files\Intel\WiFi\bin\;C:\Program Files\Common Files\Intel\WirelessCommon\;C:\Users\pano\.dnx\bin;C:\Program Files\Microsoft DNX\Dnvm\;C:\Program Files\Microsoft SQL Server\120\Tools\Binn\;C:\Program Files\Microsoft SQL Server\Client SDK\ODBC\110\Tools\Binn\;C:\Program Files (x86)\Microsoft SQL Server\120\Tools\Binn\;C:\Program Files\Microsoft SQL Server\120\DTS\Binn\;C:\Program Files (x86)\Microsoft SQL Server\120\Tools\Binn\ManagementStudio\;C:\Program Files (x86)\Microsoft SQL Server\120\DTS\Binn\;C:\Program Files\TortoiseSVN\bin;C:\Program Files\nodejs\;C:\mongodb\bin;C:\HashiCorp\Vagrant\bin;C:\Users\pano\AppData\Local\Programs\Git\git-cmd.exe;C:\Program Files (x86)\Skype\Phone\;C:\cygwin64\bin;C:\Program Files (x86)\MySQL\MySQL Utilities\;C:\Program Files (x86)\MySQL\MySQL Utilities\Doctrine extensions for PHP\;C:\Program Files\OpenVPN\bin;C:\Program Files (x86)\Heroku\bin;C:\Ruby22-x64\bin;C:\Users\pano\AppData\Roaming\npm
10 verbose lifecycle book_inventory@1.0.0~test:xunit: CWD: C:\Users\pano\Desktop\node_szkolenie\book_inventory
11 silly lifecycle book_inventory@1.0.0~test:xunit: Args: [ '/d /s /c', 'npm run test -- --reporter xunit' ]
12 silly lifecycle book_inventory@1.0.0~test:xunit: Returned: code: 1  signal: null
13 info lifecycle book_inventory@1.0.0~test:xunit: Failed to exec test:xunit script
14 verbose stack Error: book_inventory@1.0.0 test:xunit: `npm run test -- --reporter xunit`
14 verbose stack Exit status 1
14 verbose stack     at EventEmitter.<anonymous> (C:\Program Files\nodejs\node_modules\npm\lib\utils\lifecycle.js:232:16)
14 verbose stack     at emitTwo (events.js:87:13)
14 verbose stack     at EventEmitter.emit (events.js:172:7)
14 verbose stack     at ChildProcess.<anonymous> (C:\Program Files\nodejs\node_modules\npm\lib\utils\spawn.js:24:14)
14 verbose stack     at emitTwo (events.js:87:13)
14 verbose stack     at ChildProcess.emit (events.js:172:7)
14 verbose stack     at maybeClose (internal/child_process.js:818:16)
14 verbose stack     at Process.ChildProcess._handle.onexit (internal/child_process.js:211:5)
15 verbose pkgid book_inventory@1.0.0
16 verbose cwd C:\Users\pano\Desktop\node_szkolenie\book_inventory
17 error Windows_NT 10.0.10240
18 error argv "C:\\Program Files\\nodejs\\node.exe" "C:\\Program Files\\nodejs\\node_modules\\npm\\bin\\npm-cli.js" "run" "test:xunit"
19 error node v5.1.0
20 error npm  v3.3.12
21 error code ELIFECYCLE
22 error book_inventory@1.0.0 test:xunit: `npm run test -- --reporter xunit`
22 error Exit status 1
23 error Failed at the book_inventory@1.0.0 test:xunit script 'npm run test -- --reporter xunit'.
23 error Make sure you have the latest version of node.js and npm installed.
23 error If you do, this is most likely a problem with the book_inventory package,
23 error not with npm itself.
23 error Tell the author that this fails on your system:
23 error     npm run test -- --reporter xunit
23 error You can get their info via:
23 error     npm owner ls book_inventory
23 error There is likely additional logging output above.
24 verbose exit [ 1, true ]
